2013/05/27 10:30:40 [error] [exception.CDbException] SQLSTATE[HY000] [14] unable to open database file
2013/05/27 10:30:40 [error] [exception.CDbException] exception 'CDbException' with message 'CDbConnection failed to open the DB connection.' in E:\xampp\htdocs\PhpServer\framework\db\CDbConnection.php:387
Stack trace:
#0 E:\xampp\htdocs\PhpServer\framework\db\CDbConnection.php(330): CDbConnection->open()
#1 E:\xampp\htdocs\PhpServer\framework\db\CDbConnection.php(308): CDbConnection->setActive(true)
#2 E:\xampp\htdocs\PhpServer\framework\base\CModule.php(387): CDbConnection->init()
#3 E:\xampp\htdocs\PhpServer\framework\base\CApplication.php(438): CModule->getComponent('db')
#4 E:\xampp\htdocs\PhpServer\framework\db\ar\CActiveRecord.php(623): CApplication->getDb()
#5 E:\xampp\htdocs\PhpServer\framework\db\ar\CActiveRecord.php(2309): CActiveRecord->getDbConnection()
#6 E:\xampp\htdocs\PhpServer\framework\db\ar\CActiveRecord.php(387): CActiveRecordMetaData->__construct(Object(Post))
#7 E:\xampp\htdocs\PhpServer\framework\web\CActiveDataProvider.php(74): CActiveRecord::model('Post')
#8 E:\xampp\htdocs\PhpServer\protected\controllers\PostController.php(132): CActiveDataProvider->__construct('Post', Array)
#9 E:\xampp\htdocs\PhpServer\framework\web\actions\CInlineAction.php(49): PostController->actionIndex()
#10 E:\xampp\htdocs\PhpServer\framework\web\CController.php(308): CInlineAction->runWithParams(Array)
#11 E:\xampp\htdocs\PhpServer\framework\web\filters\CFilterChain.php(133): CController->runAction(Object(CInlineAction))
#12 E:\xampp\htdocs\PhpServer\framework\web\filters\CFilter.php(40): CFilterChain->run()
#13 E:\xampp\htdocs\PhpServer\framework\web\CController.php(1145): CFilter->filter(Object(CFilterChain))
#14 E:\xampp\htdocs\PhpServer\framework\web\filters\CInlineFilter.php(58): CController->filterAccessControl(Object(CFilterChain))
#15 E:\xampp\htdocs\PhpServer\framework\web\filters\CFilterChain.php(130): CInlineFilter->filter(Object(CFilterChain))
#16 E:\xampp\htdocs\PhpServer\framework\web\CController.php(291): CFilterChain->run()
#17 E:\xampp\htdocs\PhpServer\framework\web\CController.php(265): CController->runActionWithFilters(Object(CInlineAction), Array)
#18 E:\xampp\htdocs\PhpServer\framework\web\CWebApplication.php(282): CController->run('')
#19 E:\xampp\htdocs\PhpServer\framework\web\CWebApplication.php(141): CWebApplication->runController('')
#20 E:\xampp\htdocs\PhpServer\framework\base\CApplication.php(169): CWebApplication->processRequest()
#21 E:\xampp\htdocs\PhpServer\protected\www\index.php(11): CApplication->run()
#22 {main}
REQUEST_URI=/
---
2013/05/27 10:36:19 [error] [php] Missing argument 1 for Test::test(), called in E:\xampp\htdocs\PhpServer\protected\controllers\TestController.php on line 8 and defined (E:\xampp\htdocs\PhpServer\protected\models\Test.php:5)
Stack trace:
#0 E:\xampp\htdocs\PhpServer\framework\web\CController.php(308): CInlineAction->runWithParams()
#1 E:\xampp\htdocs\PhpServer\framework\web\CController.php(286): TestController->runAction()
#2 E:\xampp\htdocs\PhpServer\framework\web\CController.php(265): TestController->runActionWithFilters()
#3 E:\xampp\htdocs\PhpServer\framework\web\CWebApplication.php(282): TestController->run()
#4 E:\xampp\htdocs\PhpServer\framework\web\CWebApplication.php(141): CWebApplication->runController()
#5 E:\xampp\htdocs\PhpServer\framework\base\CApplication.php(169): CWebApplication->processRequest()
#6 E:\xampp\htdocs\PhpServer\protected\www\index.php(11): CWebApplication->run()
REQUEST_URI=/index.php/test
2013/05/27 10:37:28 [error] [php] Missing argument 1 for Test::test(), called in E:\xampp\htdocs\PhpServer\protected\controllers\TestController.php on line 8 and defined (E:\xampp\htdocs\PhpServer\protected\models\Test.php:5)
Stack trace:
#0 E:\xampp\htdocs\PhpServer\framework\web\CController.php(308): CInlineAction->runWithParams()
#1 E:\xampp\htdocs\PhpServer\framework\web\CController.php(286): TestController->runAction()
#2 E:\xampp\htdocs\PhpServer\framework\web\CController.php(265): TestController->runActionWithFilters()
#3 E:\xampp\htdocs\PhpServer\framework\web\CWebApplication.php(282): TestController->run()
#4 E:\xampp\htdocs\PhpServer\framework\web\CWebApplication.php(141): CWebApplication->runController()
#5 E:\xampp\htdocs\PhpServer\framework\base\CApplication.php(169): CWebApplication->processRequest()
#6 E:\xampp\htdocs\PhpServer\protected\www\index.php(11): CWebApplication->run()
REQUEST_URI=/index.php/test/index
2013/05/27 10:38:11 [error] [php] Missing argument 1 for Test::test(), called in E:\xampp\htdocs\PhpServer\protected\controllers\TestController.php on line 8 and defined (E:\xampp\htdocs\PhpServer\protected\models\Test.php:5)
Stack trace:
#0 E:\xampp\htdocs\PhpServer\framework\web\CController.php(308): CInlineAction->runWithParams()
#1 E:\xampp\htdocs\PhpServer\framework\web\CController.php(286): TestController->runAction()
#2 E:\xampp\htdocs\PhpServer\framework\web\CController.php(265): TestController->runActionWithFilters()
#3 E:\xampp\htdocs\PhpServer\framework\web\CWebApplication.php(282): TestController->run()
#4 E:\xampp\htdocs\PhpServer\framework\web\CWebApplication.php(141): CWebApplication->runController()
#5 E:\xampp\htdocs\PhpServer\framework\base\CApplication.php(169): CWebApplication->processRequest()
#6 E:\xampp\htdocs\PhpServer\protected\www\index.php(11): CWebApplication->run()
REQUEST_URI=/index.php/test/index
2013/05/27 10:38:11 [error] [php] Missing argument 1 for Test::test(), called in E:\xampp\htdocs\PhpServer\protected\controllers\TestController.php on line 8 and defined (E:\xampp\htdocs\PhpServer\protected\models\Test.php:5)
Stack trace:
#0 E:\xampp\htdocs\PhpServer\framework\web\CController.php(308): CInlineAction->runWithParams()
#1 E:\xampp\htdocs\PhpServer\framework\web\CController.php(286): TestController->runAction()
#2 E:\xampp\htdocs\PhpServer\framework\web\CController.php(265): TestController->runActionWithFilters()
#3 E:\xampp\htdocs\PhpServer\framework\web\CWebApplication.php(282): TestController->run()
#4 E:\xampp\htdocs\PhpServer\framework\web\CWebApplication.php(141): CWebApplication->runController()
#5 E:\xampp\htdocs\PhpServer\framework\base\CApplication.php(169): CWebApplication->processRequest()
#6 E:\xampp\htdocs\PhpServer\protected\www\index.php(11): CWebApplication->run()
REQUEST_URI=/index.php/test/index
2013/05/27 10:38:12 [error] [php] Missing argument 1 for Test::test(), called in E:\xampp\htdocs\PhpServer\protected\controllers\TestController.php on line 8 and defined (E:\xampp\htdocs\PhpServer\protected\models\Test.php:5)
Stack trace:
#0 E:\xampp\htdocs\PhpServer\framework\web\CController.php(308): CInlineAction->runWithParams()
#1 E:\xampp\htdocs\PhpServer\framework\web\CController.php(286): TestController->runAction()
#2 E:\xampp\htdocs\PhpServer\framework\web\CController.php(265): TestController->runActionWithFilters()
#3 E:\xampp\htdocs\PhpServer\framework\web\CWebApplication.php(282): TestController->run()
#4 E:\xampp\htdocs\PhpServer\framework\web\CWebApplication.php(141): CWebApplication->runController()
#5 E:\xampp\htdocs\PhpServer\framework\base\CApplication.php(169): CWebApplication->processRequest()
#6 E:\xampp\htdocs\PhpServer\protected\www\index.php(11): CWebApplication->run()
REQUEST_URI=/index.php/test/index
2013/05/27 10:38:12 [error] [php] Missing argument 1 for Test::test(), called in E:\xampp\htdocs\PhpServer\protected\controllers\TestController.php on line 8 and defined (E:\xampp\htdocs\PhpServer\protected\models\Test.php:5)
Stack trace:
#0 E:\xampp\htdocs\PhpServer\framework\web\CController.php(308): CInlineAction->runWithParams()
#1 E:\xampp\htdocs\PhpServer\framework\web\CController.php(286): TestController->runAction()
#2 E:\xampp\htdocs\PhpServer\framework\web\CController.php(265): TestController->runActionWithFilters()
#3 E:\xampp\htdocs\PhpServer\framework\web\CWebApplication.php(282): TestController->run()
#4 E:\xampp\htdocs\PhpServer\framework\web\CWebApplication.php(141): CWebApplication->runController()
#5 E:\xampp\htdocs\PhpServer\framework\base\CApplication.php(169): CWebApplication->processRequest()
#6 E:\xampp\htdocs\PhpServer\protected\www\index.php(11): CWebApplication->run()
REQUEST_URI=/index.php/test/index
2013/05/27 10:38:12 [error] [php] Missing argument 1 for Test::test(), called in E:\xampp\htdocs\PhpServer\protected\controllers\TestController.php on line 8 and defined (E:\xampp\htdocs\PhpServer\protected\models\Test.php:5)
Stack trace:
#0 E:\xampp\htdocs\PhpServer\framework\web\CController.php(308): CInlineAction->runWithParams()
#1 E:\xampp\htdocs\PhpServer\framework\web\CController.php(286): TestController->runAction()
#2 E:\xampp\htdocs\PhpServer\framework\web\CController.php(265): TestController->runActionWithFilters()
#3 E:\xampp\htdocs\PhpServer\framework\web\CWebApplication.php(282): TestController->run()
#4 E:\xampp\htdocs\PhpServer\framework\web\CWebApplication.php(141): CWebApplication->runController()
#5 E:\xampp\htdocs\PhpServer\framework\base\CApplication.php(169): CWebApplication->processRequest()
#6 E:\xampp\htdocs\PhpServer\protected\www\index.php(11): CWebApplication->run()
REQUEST_URI=/index.php/test/index
2013/05/27 10:38:12 [error] [php] Missing argument 1 for Test::test(), called in E:\xampp\htdocs\PhpServer\protected\controllers\TestController.php on line 8 and defined (E:\xampp\htdocs\PhpServer\protected\models\Test.php:5)
Stack trace:
#0 E:\xampp\htdocs\PhpServer\framework\web\CController.php(308): CInlineAction->runWithParams()
#1 E:\xampp\htdocs\PhpServer\framework\web\CController.php(286): TestController->runAction()
#2 E:\xampp\htdocs\PhpServer\framework\web\CController.php(265): TestController->runActionWithFilters()
#3 E:\xampp\htdocs\PhpServer\framework\web\CWebApplication.php(282): TestController->run()
#4 E:\xampp\htdocs\PhpServer\framework\web\CWebApplication.php(141): CWebApplication->runController()
#5 E:\xampp\htdocs\PhpServer\framework\base\CApplication.php(169): CWebApplication->processRequest()
#6 E:\xampp\htdocs\PhpServer\protected\www\index.php(11): CWebApplication->run()
REQUEST_URI=/index.php/test/index
2013/05/27 10:38:12 [error] [php] Missing argument 1 for Test::test(), called in E:\xampp\htdocs\PhpServer\protected\controllers\TestController.php on line 8 and defined (E:\xampp\htdocs\PhpServer\protected\models\Test.php:5)
Stack trace:
#0 E:\xampp\htdocs\PhpServer\framework\web\CController.php(308): CInlineAction->runWithParams()
#1 E:\xampp\htdocs\PhpServer\framework\web\CController.php(286): TestController->runAction()
#2 E:\xampp\htdocs\PhpServer\framework\web\CController.php(265): TestController->runActionWithFilters()
#3 E:\xampp\htdocs\PhpServer\framework\web\CWebApplication.php(282): TestController->run()
#4 E:\xampp\htdocs\PhpServer\framework\web\CWebApplication.php(141): CWebApplication->runController()
#5 E:\xampp\htdocs\PhpServer\framework\base\CApplication.php(169): CWebApplication->processRequest()
#6 E:\xampp\htdocs\PhpServer\protected\www\index.php(11): CWebApplication->run()
REQUEST_URI=/index.php/test/index
2013/05/27 10:38:12 [error] [php] Missing argument 1 for Test::test(), called in E:\xampp\htdocs\PhpServer\protected\controllers\TestController.php on line 8 and defined (E:\xampp\htdocs\PhpServer\protected\models\Test.php:5)
Stack trace:
#0 E:\xampp\htdocs\PhpServer\framework\web\CController.php(308): CInlineAction->runWithParams()
#1 E:\xampp\htdocs\PhpServer\framework\web\CController.php(286): TestController->runAction()
#2 E:\xampp\htdocs\PhpServer\framework\web\CController.php(265): TestController->runActionWithFilters()
#3 E:\xampp\htdocs\PhpServer\framework\web\CWebApplication.php(282): TestController->run()
#4 E:\xampp\htdocs\PhpServer\framework\web\CWebApplication.php(141): CWebApplication->runController()
#5 E:\xampp\htdocs\PhpServer\framework\base\CApplication.php(169): CWebApplication->processRequest()
#6 E:\xampp\htdocs\PhpServer\protected\www\index.php(11): CWebApplication->run()
REQUEST_URI=/index.php/test/index
2013/05/27 10:38:13 [error] [php] Missing argument 1 for Test::test(), called in E:\xampp\htdocs\PhpServer\protected\controllers\TestController.php on line 8 and defined (E:\xampp\htdocs\PhpServer\protected\models\Test.php:5)
Stack trace:
#0 E:\xampp\htdocs\PhpServer\framework\web\CController.php(308): CInlineAction->runWithParams()
#1 E:\xampp\htdocs\PhpServer\framework\web\CController.php(286): TestController->runAction()
#2 E:\xampp\htdocs\PhpServer\framework\web\CController.php(265): TestController->runActionWithFilters()
#3 E:\xampp\htdocs\PhpServer\framework\web\CWebApplication.php(282): TestController->run()
#4 E:\xampp\htdocs\PhpServer\framework\web\CWebApplication.php(141): CWebApplication->runController()
#5 E:\xampp\htdocs\PhpServer\framework\base\CApplication.php(169): CWebApplication->processRequest()
#6 E:\xampp\htdocs\PhpServer\protected\www\index.php(11): CWebApplication->run()
REQUEST_URI=/index.php/test/index
2013/05/27 10:38:13 [error] [php] Missing argument 1 for Test::test(), called in E:\xampp\htdocs\PhpServer\protected\controllers\TestController.php on line 8 and defined (E:\xampp\htdocs\PhpServer\protected\models\Test.php:5)
Stack trace:
#0 E:\xampp\htdocs\PhpServer\framework\web\CController.php(308): CInlineAction->runWithParams()
#1 E:\xampp\htdocs\PhpServer\framework\web\CController.php(286): TestController->runAction()
#2 E:\xampp\htdocs\PhpServer\framework\web\CController.php(265): TestController->runActionWithFilters()
#3 E:\xampp\htdocs\PhpServer\framework\web\CWebApplication.php(282): TestController->run()
#4 E:\xampp\htdocs\PhpServer\framework\web\CWebApplication.php(141): CWebApplication->runController()
#5 E:\xampp\htdocs\PhpServer\framework\base\CApplication.php(169): CWebApplication->processRequest()
#6 E:\xampp\htdocs\PhpServer\protected\www\index.php(11): CWebApplication->run()
REQUEST_URI=/index.php/test/index
2013/05/27 10:38:13 [error] [php] Missing argument 1 for Test::test(), called in E:\xampp\htdocs\PhpServer\protected\controllers\TestController.php on line 8 and defined (E:\xampp\htdocs\PhpServer\protected\models\Test.php:5)
Stack trace:
#0 E:\xampp\htdocs\PhpServer\framework\web\CController.php(308): CInlineAction->runWithParams()
#1 E:\xampp\htdocs\PhpServer\framework\web\CController.php(286): TestController->runAction()
#2 E:\xampp\htdocs\PhpServer\framework\web\CController.php(265): TestController->runActionWithFilters()
#3 E:\xampp\htdocs\PhpServer\framework\web\CWebApplication.php(282): TestController->run()
#4 E:\xampp\htdocs\PhpServer\framework\web\CWebApplication.php(141): CWebApplication->runController()
#5 E:\xampp\htdocs\PhpServer\framework\base\CApplication.php(169): CWebApplication->processRequest()
#6 E:\xampp\htdocs\PhpServer\protected\www\index.php(11): CWebApplication->run()
REQUEST_URI=/index.php/test/index
2013/05/27 10:38:13 [error] [php] Missing argument 1 for Test::test(), called in E:\xampp\htdocs\PhpServer\protected\controllers\TestController.php on line 8 and defined (E:\xampp\htdocs\PhpServer\protected\models\Test.php:5)
Stack trace:
#0 E:\xampp\htdocs\PhpServer\framework\web\CController.php(308): CInlineAction->runWithParams()
#1 E:\xampp\htdocs\PhpServer\framework\web\CController.php(286): TestController->runAction()
#2 E:\xampp\htdocs\PhpServer\framework\web\CController.php(265): TestController->runActionWithFilters()
#3 E:\xampp\htdocs\PhpServer\framework\web\CWebApplication.php(282): TestController->run()
#4 E:\xampp\htdocs\PhpServer\framework\web\CWebApplication.php(141): CWebApplication->runController()
#5 E:\xampp\htdocs\PhpServer\framework\base\CApplication.php(169): CWebApplication->processRequest()
#6 E:\xampp\htdocs\PhpServer\protected\www\index.php(11): CWebApplication->run()
REQUEST_URI=/index.php/test/index
